[html.themeholy.com/klano/demo/home-house-cleaner.html]
[backblue.gif]
[fade.gif]
[index.html]
[html.themeholy.com/klano/demo/assets/img/favicons/apple-icon-57x57.png]
[html.themeholy.com/klano/demo/assets/img/favicons/apple-icon-60x60.png]
[html.themeholy.com/klano/demo/assets/img/favicons/apple-icon-72x72.png]
[html.themeholy.com/klano/demo/assets/img/favicons/apple-icon-76x76.png]
[html.themeholy.com/klano/demo/assets/img/favicons/apple-icon-114x114.png]
[html.themeholy.com/klano/demo/assets/img/favicons/apple-icon-120x120.png]
[html.themeholy.com/klano/demo/assets/img/favicons/apple-icon-144x144.png]
[html.themeholy.com/klano/demo/assets/img/favicons/apple-icon-152x152.png]
[html.themeholy.com/klano/demo/assets/img/favicons/apple-icon-180x180.png]
[html.themeholy.com/klano/demo/assets/img/favicons/android-icon-192x192.png]
[html.themeholy.com/klano/demo/assets/img/favicons/favicon-32x32.png]
[html.themeholy.com/klano/demo/assets/img/favicons/favicon-96x96.png]
[html.themeholy.com/klano/demo/assets/img/favicons/favicon-16x16.png]
[html.themeholy.com/klano/demo/assets/img/favicons/manifest.json]
[html.themeholy.com/klano/demo/assets/img/favicons/ms-icon-144x144.png]
[html.themeholy.com/klano/demo/assets/css/app.min.css]
[html.themeholy.com/klano/demo/assets/css/style.css]
[html.themeholy.com/klano/demo/assets/css/fontawesome.min.css]
[html.themeholy.com/klano/demo/assets/img/product/product_thumb_1_1.jpg]
[html.themeholy.com/klano/demo/assets/img/product/product_thumb_1_2.jpg]
[html.themeholy.com/klano/demo/assets/img/product/product_thumb_1_3.jpg]
[html.themeholy.com/klano/demo/assets/img/product/product_thumb_1_4.jpg]
[html.themeholy.com/klano/demo/assets/img/product/product_thumb_1_5.jpg]
[html.themeholy.com/klano/demo/cart.html]
[html.themeholy.com/klano/demo/checkout.html]
[html.themeholy.com/klano/demo/assets/img/logo.svg]
[html.themeholy.com/klano/demo/home-cleaning-service.html]
[html.themeholy.com/klano/demo/about.html]
[html.themeholy.com/klano/demo/service.html]
[html.themeholy.com/klano/demo/service-details.html]
[html.themeholy.com/klano/demo/shop.html]
[html.themeholy.com/klano/demo/shop-details.html]
[html.themeholy.com/klano/demo/wishlist.html]
[html.themeholy.com/klano/demo/team.html]
[html.themeholy.com/klano/demo/team-details.html]
[html.themeholy.com/klano/demo/gallery.html]
[html.themeholy.com/klano/demo/project-details.html]
[html.themeholy.com/klano/demo/appointment.html]
[html.themeholy.com/klano/demo/faq.html]
[html.themeholy.com/klano/demo/pricing.html]
[html.themeholy.com/klano/demo/error.html]
[html.themeholy.com/klano/demo/blog.html]
[html.themeholy.com/klano/demo/blog-details.html]
[html.themeholy.com/klano/demo/contact.html]
[html.themeholy.com/klano/demo/assets/img/icon/english.png]
[html.themeholy.com/klano/demo/assets/img/logo-white.svg]
[html.themeholy.com/klano/demo/assets/img/hero/hero_bg_2_1.jpg]
[html.themeholy.com/klano/demo/assets/img/theme-img/title_icon.svg]
[html.themeholy.com/klano/demo/assets/img/hero/hero_2_1.png]
[html.themeholy.com/klano/demo/assets/img/hero/hero_shape_2_1.svg]
[html.themeholy.com/klano/demo/assets/img/hero/hero_shape_2_2.svg]
[html.themeholy.com/klano/demo/assets/img/hero/bubble_3.png]
[html.themeholy.com/klano/demo/assets/img/hero/bubble_5.png]
[html.themeholy.com/klano/demo/assets/img/hero/bubble_4.png]
[html.themeholy.com/klano/demo/assets/img/hero/bubble_2.png]
[html.themeholy.com/klano/demo/assets/img/shape/tool_shape_1.png]
[html.themeholy.com/klano/demo/assets/img/shape/vector_shape_1.png]
[html.themeholy.com/klano/demo/assets/img/service/service_card_1.jpg]
[html.themeholy.com/klano/demo/assets/img/icon/service_card_1.svg]
[html.themeholy.com/klano/demo/assets/img/service/service_card_2.jpg]
[html.themeholy.com/klano/demo/assets/img/icon/service_card_2.svg]
[html.themeholy.com/klano/demo/assets/img/service/service_card_3.jpg]
[html.themeholy.com/klano/demo/assets/img/icon/service_card_3.svg]
[html.themeholy.com/klano/demo/assets/img/service/service_card_4.jpg]
[html.themeholy.com/klano/demo/assets/img/icon/service_card_4.svg]
[html.themeholy.com/klano/demo/assets/img/service/service_card_5.jpg]
[html.themeholy.com/klano/demo/assets/img/icon/service_card_5.svg]
[html.themeholy.com/klano/demo/assets/img/service/service_card_6.jpg]
[html.themeholy.com/klano/demo/assets/img/icon/service_card_6.svg]
[html.themeholy.com/klano/demo/assets/img/shape/vector_shape_3.png]
[html.themeholy.com/klano/demo/assets/img/normal/about_1_1.jpg]
[html.themeholy.com/klano/demo/assets/img/normal/about_1_2.jpg]
[html.themeholy.com/klano/demo/assets/img/shape/vector_shape_2.png]
[html.themeholy.com/klano/demo/assets/img/icon/about_feature_1.svg]
[html.themeholy.com/klano/demo/assets/img/icon/about_feature_2.svg]
[html.themeholy.com/klano/demo/assets/img/normal/about_author.jpg]
[html.themeholy.com/klano/demo/assets/img/normal/about_signature.jpg]
[html.themeholy.com/klano/demo/assets/img/bg/video_bg_1.jpg]
[html.themeholy.com/klano/demo/assets/img/shape/vector_shape_4.svg]
[html.themeholy.com/klano/demo/assets/img/shape/vector_shape_5.png]
[html.themeholy.com/klano/demo/assets/img/shape/tool_shape_2.png]
[html.themeholy.com/klano/demo/assets/img/shape/tool_shape_3.png]
[html.themeholy.com/klano/demo/assets/img/bg/price_card_1.jpg]
[html.themeholy.com/klano/demo/assets/img/icon/price_card_1.svg]
[html.themeholy.com/klano/demo/assets/img/icon/price_card_2.svg]
[html.themeholy.com/klano/demo/assets/img/icon/price_card_3.svg]
[html.themeholy.com/klano/demo/assets/img/bg/why_bg_1.jpg]
[html.themeholy.com/klano/demo/assets/img/icon/about_feature_3.svg]
[html.themeholy.com/klano/demo/assets/img/icon/about_feature_4.svg]
[html.themeholy.com/klano/demo/assets/img/icon/about_feature_5.svg]
[html.themeholy.com/klano/demo/assets/img/normal/why_1_1.jpg]
[html.themeholy.com/klano/demo/assets/img/normal/why_1_2.jpg]
[html.themeholy.com/klano/demo/assets/img/testimonial/testi_2_1.jpg]
[html.themeholy.com/klano/demo/assets/img/testimonial/testi_1_1.jpg]
[html.themeholy.com/klano/demo/assets/img/testimonial/testi_1_2.jpg]
[html.themeholy.com/klano/demo/assets/img/bg/gallery_bg_1.jpg]
[html.themeholy.com/klano/demo/assets/img/gallery/gallery_1_1.jpg]
[html.themeholy.com/klano/demo/assets/img/gallery/gallery_1_2.jpg]
[html.themeholy.com/klano/demo/assets/img/gallery/gallery_1_3.jpg]
[html.themeholy.com/klano/demo/assets/img/gallery/gallery_1_4.jpg]
[html.themeholy.com/klano/demo/assets/img/gallery/gallery_1_5.jpg]
[html.themeholy.com/klano/demo/assets/img/shape/tool_shape_4.png]
[html.themeholy.com/klano/demo/assets/img/blog/blog_1_1.jpg]
[html.themeholy.com/klano/demo/assets/img/blog/blog_1_2.jpg]
[html.themeholy.com/klano/demo/assets/img/blog/blog_1_3.jpg]
[html.themeholy.com/klano/demo/assets/img/blog/blog_1_4.jpg]
[html.themeholy.com/klano/demo/assets/img/shape/tool_shape_5.png]
[html.themeholy.com/klano/demo/assets/img/brand/brand_1_1.svg]
[html.themeholy.com/klano/demo/assets/img/brand/brand_1_2.svg]
[html.themeholy.com/klano/demo/assets/img/brand/brand_1_3.svg]
[html.themeholy.com/klano/demo/assets/img/brand/brand_1_4.svg]
[html.themeholy.com/klano/demo/assets/img/brand/brand_1_5.svg]
[html.themeholy.com/klano/demo/assets/img/bg/footer_bg_1.jpg]
[html.themeholy.com/klano/demo/assets/img/brand/brand_1_6.svg]
[html.themeholy.com/klano/demo/assets/img/shape/footer_shape_1.png]
[html.themeholy.com/klano/demo/assets/img/shape/footer_shape_2.png]
[html.themeholy.com/klano/demo/assets/img/logo-footer.svg]
[html.themeholy.com/klano/demo/assets/js/vendor/jquery-3.7.1.min.js]
[html.themeholy.com/klano/demo/assets/js/main.js]
[html.themeholy.com/klano/demo/home-house-cleaner.html]
[html.themeholy.com/klano/demo/assets/css/app.min.css]
[html.themeholy.com/klano/demo/assets/js/app.min.js]
[html.themeholy.com/klano/demo/assets/fonts/fontawesome/fa-brands-400.woff2]
[html.themeholy.com/klano/demo/assets/fonts/fontawesome/fa-brands-400.ttf]
[html.themeholy.com/klano/demo/assets/fonts/fontawesome/fa-duotone-900.woff2]
[html.themeholy.com/klano/demo/assets/fonts/fontawesome/fa-duotone-900.ttf]
[html.themeholy.com/klano/demo/assets/fonts/fontawesome/fa-light-300.woff2]
[html.themeholy.com/klano/demo/assets/fonts/fontawesome/fa-regular-400.woff2]
[html.themeholy.com/klano/demo/assets/fonts/fontawesome/fa-light-300.ttf]
[html.themeholy.com/klano/demo/assets/fonts/fontawesome/fa-solid-900.woff2]
[html.themeholy.com/klano/demo/assets/fonts/fontawesome/fa-thin-100.woff2]
[html.themeholy.com/klano/demo/assets/fonts/fontawesome/fa-regular-400.ttf]
[html.themeholy.com/klano/demo/assets/css/fontawesome.min.css]
[html.themeholy.com/klano/demo/assets/css/style.css]
[html.themeholy.com/klano/demo/assets/fonts/fontawesome/fa-solid-900.ttf]
[html.themeholy.com/klano/demo/assets/img/bg/breadcumb-bg.jpg]
[html.themeholy.com/klano/demo/assets/fonts/fontawesome/fa-thin-100.ttf]
[html.themeholy.com/klano/demo/cart.html]
[html.themeholy.com/klano/demo/checkout.html]
[html.themeholy.com/klano/demo/assets/img/logo.svg]
[html.themeholy.com/klano/demo/assets/img/hero/hero_bg_1_1.jpg]
[html.themeholy.com/klano/demo/assets/img/hero/hero_overlay_1.png]
[html.themeholy.com/klano/demo/assets/img/hero/bubble_1.png]
[html.themeholy.com/klano/demo/assets/img/hero/hero_bg_1_2.jpg]
[html.themeholy.com/klano/demo/assets/img/hero/hero_bg_1_3.jpg]
[html.themeholy.com/klano/demo/assets/img/hero/circle_big.png]
[html.themeholy.com/klano/demo/assets/img/hero/circle_middle.png]
[html.themeholy.com/klano/demo/assets/img/shape/vector_shape_6.png]
[html.themeholy.com/klano/demo/assets/img/normal/about_2_1.jpg]
[html.themeholy.com/klano/demo/assets/img/normal/about_2_2.jpg]
[html.themeholy.com/klano/demo/assets/img/normal/dots.png]
[html.themeholy.com/klano/demo/assets/img/shape/vector_shape_7.png]
[html.themeholy.com/klano/demo/assets/img/service/service_box_1.png]
[html.themeholy.com/klano/demo/assets/img/service/service_box_2.png]
[html.themeholy.com/klano/demo/assets/img/service/service_box_3.png]
[html.themeholy.com/klano/demo/assets/img/bg/counter_bg_1.jpg]
[html.themeholy.com/klano/demo/assets/img/icon/counter_card_1.svg]
[html.themeholy.com/klano/demo/assets/img/icon/counter_card_2.svg]
[html.themeholy.com/klano/demo/assets/img/icon/counter_card_3.svg]
[html.themeholy.com/klano/demo/assets/img/icon/counter_card_4.svg]
[html.themeholy.com/klano/demo/assets/img/shape/vector_shape_8.png]
[html.themeholy.com/klano/demo/assets/img/normal/process_card_1.jpg]
[html.themeholy.com/klano/demo/assets/img/normal/process_card_2.jpg]
[html.themeholy.com/klano/demo/assets/img/normal/process_card_3.jpg]
[html.themeholy.com/klano/demo/assets/img/bg/cta_bg_1.jpg]
[html.themeholy.com/klano/demo/assets/img/team/team_1_1.jpg]
[html.themeholy.com/klano/demo/assets/img/team/team_1_2.jpg]
[html.themeholy.com/klano/demo/assets/img/team/team_1_3.jpg]
[html.themeholy.com/klano/demo/assets/img/team/team_1_4.jpg]
[html.themeholy.com/klano/demo/assets/img/team/team_1_5.jpg]
[html.themeholy.com/klano/demo/assets/img/team/team_1_6.jpg]
[html.themeholy.com/klano/demo/assets/img/shape/tool_shape_6.png]
[html.themeholy.com/klano/demo/assets/img/shape/vector_shape_9.png]
[html.themeholy.com/klano/demo/assets/img/gallery/gallery_2_1.jpg]
[html.themeholy.com/klano/demo/assets/img/gallery/gallery_2_2.jpg]
[html.themeholy.com/klano/demo/assets/img/gallery/gallery_2_3.jpg]
[html.themeholy.com/klano/demo/assets/img/gallery/gallery_2_4.jpg]
[html.themeholy.com/klano/demo/assets/img/gallery/gallery_2_5.jpg]
[html.themeholy.com/klano/demo/assets/img/shape/vector_shape_10.png]
[html.themeholy.com/klano/demo/assets/img/testimonial/testi_3_1.jpg]
[html.themeholy.com/klano/demo/assets/img/testimonial/testi_3_2.jpg]
[html.themeholy.com/klano/demo/assets/img/testimonial/testi_3_3.jpg]
[html.themeholy.com/klano/demo/assets/img/blog/blog_2_1.jpg]
[html.themeholy.com/klano/demo/assets/img/blog/blog_2_2.jpg]
[html.themeholy.com/klano/demo/assets/img/blog/blog_2_3.jpg]
[html.themeholy.com/klano/demo/assets/img/bg/subscribe_bg_1.png]
[html.themeholy.com/klano/demo/assets/img/bg/footer_bg_2.jpg]
[html.themeholy.com/klano/demo/assets/img/shape/footer_shape_3.png]
[html.themeholy.com/klano/demo/assets/img/gallery/widget_gallery_1.jpg]
[html.themeholy.com/klano/demo/assets/img/gallery/widget_gallery_2.jpg]
[html.themeholy.com/klano/demo/assets/img/gallery/widget_gallery_3.jpg]
[html.themeholy.com/klano/demo/assets/img/gallery/widget_gallery_4.jpg]
[html.themeholy.com/klano/demo/assets/img/gallery/widget_gallery_5.jpg]
[html.themeholy.com/klano/demo/assets/img/gallery/widget_gallery_6.jpg]
[html.themeholy.com/klano/demo/home-cleaning-service.html]
[html.themeholy.com/klano/demo/about.html]
[html.themeholy.com/klano/demo/service.html]
[html.themeholy.com/klano/demo/assets/img/service/service_details.jpg]
[html.themeholy.com/klano/demo/assets/img/service/service_inner_1.jpg]
[html.themeholy.com/klano/demo/assets/img/bg/widget_banner.jpg]
[html.themeholy.com/klano/demo/service-details.html]
[html.themeholy.com/klano/demo/assets/img/product/product_1_1.jpg]
[html.themeholy.com/klano/demo/assets/img/product/product_1_2.jpg]
[html.themeholy.com/klano/demo/assets/img/product/product_1_3.jpg]
[html.themeholy.com/klano/demo/assets/img/product/product_1_4.jpg]
[html.themeholy.com/klano/demo/assets/img/product/product_1_5.jpg]
[html.themeholy.com/klano/demo/assets/img/product/product_1_6.jpg]
[html.themeholy.com/klano/demo/assets/img/product/product_1_7.jpg]
[html.themeholy.com/klano/demo/assets/img/product/product_1_8.jpg]
[html.themeholy.com/klano/demo/assets/img/product/product_1_9.jpg]
[html.themeholy.com/klano/demo/assets/img/product/product_1_10.jpg]
[html.themeholy.com/klano/demo/assets/img/product/product_1_11.jpg]
[html.themeholy.com/klano/demo/assets/img/product/product_1_12.jpg]
[html.themeholy.com/klano/demo/shop.html]
[html.themeholy.com/klano/demo/assets/img/blog/comment-author-1.jpg]
[html.themeholy.com/klano/demo/assets/img/blog/comment-author-2.jpg]
[html.themeholy.com/klano/demo/assets/img/blog/comment-author-3.jpg]
[html.themeholy.com/klano/demo/assets/img/blog/comment-author-4.jpg]
[html.themeholy.com/klano/demo/shop-details.html]
[html.themeholy.com/klano/demo/wishlist.html]
[html.themeholy.com/klano/demo/team.html]
[html.themeholy.com/klano/demo/assets/img/team/team_details.jpg]
[html.themeholy.com/klano/demo/team-details.html]
[html.themeholy.com/klano/demo/gallery.html]
[html.themeholy.com/klano/demo/assets/img/gallery/project_details.jpg]
[html.themeholy.com/klano/demo/project-details.html]
[html.themeholy.com/klano/demo/assets/img/normal/clean_vector_1.png]
[html.themeholy.com/klano/demo/appointment.html]
[html.themeholy.com/klano/demo/faq.html]
[html.themeholy.com/klano/demo/pricing.html]
[html.themeholy.com/klano/demo/error.html]
[html.themeholy.com/klano/demo/assets/img/blog/blog-s-1-1.jpg]
[html.themeholy.com/klano/demo/assets/img/blog/blog-s-1-2.jpg]
[html.themeholy.com/klano/demo/assets/img/theme-img/error.svg]
[html.themeholy.com/klano/demo/assets/img/blog/blog-s-1-4.jpg]
[html.themeholy.com/klano/demo/assets/img/blog/blog-s-1-3.jpg]
[html.themeholy.com/klano/demo/assets/img/blog/recent-post-1-1.jpg]
[html.themeholy.com/klano/demo/assets/img/blog/recent-post-1-2.jpg]
[html.themeholy.com/klano/demo/assets/img/blog/recent-post-1-3.jpg]
[html.themeholy.com/klano/demo/blog.html]
[html.themeholy.com/klano/demo/assets/img/blog/blog_inner_1.jpg]
[html.themeholy.com/klano/demo/assets/img/blog/blog_inner_2.jpg]
[html.themeholy.com/klano/demo/blog-details.html]
[html.themeholy.com/klano/demo/contact.html]
[html.themeholy.com/klano/demo/assets/img/logo-white.svg]
[html.themeholy.com/klano/demo/assets/img/theme-img/title_icon.svg]
[html.themeholy.com/klano/demo/assets/img/hero/hero_shape_2_1.svg]
[html.themeholy.com/klano/demo/assets/img/hero/hero_shape_2_2.svg]
[html.themeholy.com/klano/demo/assets/img/icon/service_card_1.svg]
[html.themeholy.com/klano/demo/assets/img/icon/service_card_2.svg]
[html.themeholy.com/klano/demo/assets/img/icon/service_card_3.svg]
[html.themeholy.com/klano/demo/assets/img/icon/service_card_4.svg]
[html.themeholy.com/klano/demo/assets/img/icon/service_card_5.svg]
[html.themeholy.com/klano/demo/assets/img/icon/service_card_6.svg]
[html.themeholy.com/klano/demo/assets/img/icon/about_feature_1.svg]
[html.themeholy.com/klano/demo/assets/img/icon/about_feature_2.svg]
[html.themeholy.com/klano/demo/assets/img/shape/vector_shape_4.svg]
[html.themeholy.com/klano/demo/assets/img/icon/price_card_1.svg]
[html.themeholy.com/klano/demo/assets/img/icon/price_card_2.svg]
[html.themeholy.com/klano/demo/assets/img/icon/price_card_3.svg]
[html.themeholy.com/klano/demo/assets/img/icon/about_feature_3.svg]
[html.themeholy.com/klano/demo/assets/img/icon/about_feature_4.svg]
[html.themeholy.com/klano/demo/assets/img/icon/about_feature_5.svg]
[html.themeholy.com/klano/demo/assets/img/brand/brand_1_1.svg]
[html.themeholy.com/klano/demo/assets/img/brand/brand_1_2.svg]
[html.themeholy.com/klano/demo/assets/img/brand/brand_1_3.svg]
[html.themeholy.com/klano/demo/assets/img/brand/brand_1_4.svg]
[html.themeholy.com/klano/demo/assets/img/brand/brand_1_5.svg]
[html.themeholy.com/klano/demo/assets/img/brand/brand_1_6.svg]
[html.themeholy.com/klano/demo/assets/img/logo-footer.svg]
[html.themeholy.com/klano/demo/shop-detailis.html]
[html.themeholy.com/klano/demo/assets/img/icon/counter_card_1.svg]
[html.themeholy.com/klano/demo/assets/img/icon/counter_card_2.svg]
[html.themeholy.com/klano/demo/assets/img/icon/counter_card_3.svg]
[html.themeholy.com/klano/demo/assets/img/icon/counter_card_4.svg]
[html.themeholy.com/klano/demo/assets/img/theme-img/error.svg]
